[11:58:05] [main/WARN]: Missing version information!
[11:58:05] [main/INFO]: Completely ignored arguments: [-Djava.library.path=C:/Users/alex/AppData/Roaming/.minecraft/bin/natives, -Djna.tmpdir=C:/Users/alex/AppData/Roaming/.minecraft/bin/natives, -Dorg.lwjgl.system.SharedLibraryExtractPath=C:/Users/alex/AppData/Roaming/.minecraft/bin/natives, -Dio.netty.native.workdir=C:/Users/alex/AppData/Roaming/.minecraft/bin/natives, -Dminecraft.launcher.brand=Launcher, -Dminecraft.launcher.version=1]
[11:58:08] [Datafixer Bootstrap/INFO]: 192 Datafixer optimizations took 160 milliseconds
[11:58:09] [main/WARN]: Unrecognized user type: microsoft
[11:58:09] [Render thread/INFO]: Environment: Environment[accountsHost=https://api.mojang.com, sessionHost=https://sessionserver.mojang.com, servicesHost=https://api.minecraftservices.com, name=PROD]
[11:58:09] [Render thread/INFO]: Setting user: Bensonheimer992
[11:58:10] [Render thread/INFO]: Backend library: LWJGL version 3.3.2+13
[11:58:11] [Render thread/INFO]: Reloading ResourceManager: vanilla
[11:58:11] [Worker-Main-8/INFO]: Found unifont_all_no_pua-15.1.04.hex, loading
[11:58:12] [Render thread/WARN]: Missing sound for event: minecraft:item.goat_horn.play
[11:58:12] [Render thread/WARN]: Missing sound for event: minecraft:entity.goat.screaming.horn_break
[11:58:12] [Render thread/INFO]: OpenAL initialized on device OpenAL Soft on Realtek HD Audio 2nd output (Realtek(R) Audio)
[11:58:12] [Render thread/INFO]: Sound engine started
[11:58:12] [Render thread/INFO]: Created: 1024x512x4 minecraft:textures/atlas/blocks.png-atlas
[11:58:12] [Render thread/INFO]: Created: 256x256x4 minecraft:textures/atlas/signs.png-atlas
[11:58:12] [Render thread/INFO]: Created: 512x512x4 minecraft:textures/atlas/shield_patterns.png-atlas
[11:58:12] [Render thread/INFO]: Created: 512x512x4 minecraft:textures/atlas/banner_patterns.png-atlas
[11:58:12] [Render thread/INFO]: Created: 1024x1024x4 minecraft:textures/atlas/armor_trims.png-atlas
[11:58:13] [Render thread/INFO]: Created: 128x64x4 minecraft:textures/atlas/decorated_pot.png-atlas
[11:58:13] [Render thread/INFO]: Created: 256x256x4 minecraft:textures/atlas/chest.png-atlas
[11:58:13] [Render thread/INFO]: Created: 512x256x4 minecraft:textures/atlas/shulker_boxes.png-atlas
[11:58:14] [Render thread/INFO]: Created: 512x256x4 minecraft:textures/atlas/beds.png-atlas
[11:58:14] [Render thread/WARN]: Shader rendertype_entity_translucent_emissive could not find sampler named Sampler2 in the specified shader program.
[11:58:14] [Render thread/INFO]: Created: 256x256x0 minecraft:textures/atlas/particles.png-atlas
[11:58:14] [Render thread/INFO]: Created: 256x256x0 minecraft:textures/atlas/paintings.png-atlas
[11:58:14] [Render thread/INFO]: Created: 128x128x0 minecraft:textures/atlas/mob_effects.png-atlas
[11:58:14] [Render thread/INFO]: Created: 1024x512x0 minecraft:textures/atlas/gui.png-atlas
[11:58:23] [Render thread/INFO]: Connecting to bencraft.xyz, 25565
[11:58:26] [Render thread/INFO]: [System] [CHAT] Bencraft » An update for FastAsyncWorldEdit is available. You are 8 build(s) out of date.\nYou are running build 651, the latest version is build 659.\nUpdate at https://www.spigotmc.org/resources/13932/
[11:58:26] [Render thread/INFO]: Loaded 90 advancements
[11:58:27] [Render thread/ERROR]: Illegal option value 0 for translation{key='options.fov', args=[]}
[11:58:27] [Render thread/ERROR]: Illegal option value 0 for translation{key='options.fov', args=[]}
[11:58:27] [Render thread/ERROR]: Illegal option value 0 for translation{key='options.fov', args=[]}
[11:58:27] [Worker-Main-4/ERROR]: Signature is missing from Property textures
[11:58:27] [Render thread/ERROR]: Illegal option value 0 for translation{key='options.fov', args=[]}
[11:58:27] [Render thread/ERROR]: Illegal option value 0 for translation{key='options.fov', args=[]}
[11:58:27] [Render thread/ERROR]: Illegal option value 0 for translation{key='options.fov', args=[]}
[11:58:27] [Render thread/ERROR]: Illegal option value 0 for translation{key='options.fov', args=[]}
